<?xml version="1.0" encoding="utf-8"?><testsuites name="pytest tests"><testsuite name="pytest" errors="0" failures="0" skipped="0" tests="18" time="16.987" timestamp="2026-09-17T11:20:55.104358+00:00" hostname="agent-env-01f32d7f-9298-495b-957d-8088b7a4d675"><testcase classname="tests.backend_test" name="test_health" time="0.275" /><testcase classname="tests.test_new_features" name="test_projects_public_list" time="0.256" /><testcase classname="tests.test_new_features" name="test_projects_admin_crud" time="0.468" /><testcase classname="tests.backend_test" name="test_services_list" time="0.094" /><testcase classname="tests.backend_test" name="test_admin_login_wrong_password" time="0.096" /><testcase classname="tests.backend_test" name="test_admin_login_correct" time="0.085" /><testcase classname="tests.backend_test" name="test_create_lead_and_admin_fetch" time="0.392" /><testcase classname="tests.test_new_features" name="test_projects_requires_admin" time="0.074" /><testcase classname="tests.test_new_features" name="test_careers_apply_and_admin_list" time="1.310" /><testcase classname="tests.backend_test" name="test_admin_leads_requires_key" time="0.202" /><testcase classname="tests.backend_test" name="test_chat_new_session_and_followup" time="10.685" /><testcase classname="tests.test_new_features" name="test_careers_applications_requires_admin" time="0.084" /><testcase classname="tests.test_new_features" name="test_email_settings_get_and_put" time="0.280" /><testcase classname="tests.test_new_features" name="test_email_settings_requires_admin" time="0.072" /><testcase classname="tests.backend_test" name="test_admin_chat_sessions" time="0.134" /><testcase classname="tests.backend_test" name="test_sitemap" time="2.499" /><testcase classname="tests.backend_test" name="test_robots" time="0.485" /><testcase classname="tests.backend_test" name="test_unknown_route_404" time="1.650" /></testsuite></testsuites>