<?xml version="1.0" encoding="utf-8"?><testsuites name="pytest tests"><testsuite name="pytest" errors="1" failures="0" skipped="0" tests="1" time="0.640" timestamp="2026-09-17T12:16:42.609622+00:00" hostname="agent-env-01f32d7f-9298-495b-957d-8088b7a4d675"><testcase classname="" name="tests.test_pytech_iter5" time="0.000"><error message="collection failure">ImportError while importing test module '/app/backend/tests/test_pytech_iter5.py'.
Hint: make sure your test modules/packages have valid Python names.
Traceback:
/usr/local/lib/python3.11/importlib/__init__.py:126: in import_module
    return _bootstrap._gcd_import(name[level:], package, level)
           ^^^^^^^^^^^^^^^^^^^^^^^^^^^^^^^^^^^^^^^^^^^^^^^^^^^^
../backend/tests/test_pytech_iter5.py:17: in &lt;module&gt;
    from bs4 import BeautifulSoup
E   ModuleNotFoundError: No module named 'bs4'</error></testcase></testsuite></testsuites>