<?xml version="1.0" encoding="utf-8"?><testsuites name="pytest tests"><testsuite name="pytest" errors="0" failures="0" skipped="0" tests="10" time="31.842" timestamp="2026-09-17T11:47:46.747853+00:00" hostname="agent-env-01f32d7f-9298-495b-957d-8088b7a4d675"><testcase classname="tests.test_pytech_iter4.TestGeo" name="test_llms_txt" time="1.093" /><testcase classname="tests.test_pytech_iter4.TestSeoApi" name="test_get_seo_requires_admin" time="1.374" /><testcase classname="tests.test_pytech_iter4.TestGeo" name="test_sitemap_has_pricing" time="1.852" /><testcase classname="tests.test_pytech_iter4.TestSeoApi" name="test_get_seo_with_admin" time="1.553" /><testcase classname="tests.test_pytech_iter4.TestSeoApi" name="test_put_seo_requires_admin" time="0.159" /><testcase classname="tests.test_pytech_iter4.TestGeo" name="test_homepage_has_itemlist_jsonld" time="0.962" /><testcase classname="tests.test_pytech_iter4.TestLeadsPopup" name="test_create_lead_from_popup_and_verify" time="0.933" /><testcase classname="tests.test_pytech_iter4.TestSmoke" name="test_all_pages_load" time="24.840" /><testcase classname="tests.test_pytech_iter4.TestSmoke" name="test_homepage_no_prices_in_offerings" time="2.103" /><testcase classname="tests.test_pytech_iter4.TestSmoke" name="test_hero_h1_mentions_keywords" time="0.441" /></testsuite></testsuites>