<?xml version="1.0" encoding="utf-8"?><testsuites name="pytest tests"><testsuite name="pytest" errors="0" failures="2" skipped="0" tests="7" time="2.601" timestamp="2026-09-17T11:17:52.592143+00:00" hostname="agent-env-01f32d7f-9298-495b-957d-8088b7a4d675"><testcase classname="tests.test_new_features" name="test_projects_public_list" time="0.428" /><testcase classname="tests.test_new_features" name="test_projects_admin_crud" time="0.451" /><testcase classname="tests.test_new_features" name="test_projects_requires_admin" time="0.098" /><testcase classname="tests.test_new_features" name="test_careers_apply_and_admin_list" time="0.592"><failure message="AttributeError: 'list' object has no attribute 'get'">backend/tests/test_new_features.py:112: in test_careers_apply_and_admin_list
    apps = r2.json().get("applications", r2.json())
           ^^^^^^^^^^^^^
E   AttributeError: 'list' object has no attribute 'get'</failure></testcase><testcase classname="tests.test_new_features" name="test_careers_applications_requires_admin" time="0.084" /><testcase classname="tests.test_new_features" name="test_email_settings_get_and_put" time="0.341"><failure message="AssertionError: hasPassword not set: {'host': 'smtp.gmail.com', 'port': 587, 'user': 'test-sender@example.com', 'recipient': 'test-recipient@example.com', 'fromName': 'PyTech Careers', 'enabled': False, 'hasPassword': False}&#10;assert False is True&#10; +  where False = &lt;built-in method get of dict object at 0xfa85e84f0f40&gt;('hasPassword')&#10; +    where &lt;built-in method get of dict object at 0xfa85e84f0f40&gt; = {'host': 'smtp.gmail.com', 'port': 587, 'user': 'test-sender@example.com', 'recipient': 'test-recipient@example.com', ...}.get">backend/tests/test_new_features.py:156: in test_email_settings_get_and_put
    assert saved.get("hasPassword") is True, f"hasPassword not set: {saved}"
E   AssertionError: hasPassword not set: {'host': 'smtp.gmail.com', 'port': 587, 'user': 'test-sender@example.com', 'recipient': 'test-recipient@example.com', 'fromName': 'PyTech Careers', 'enabled': False, 'hasPassword': False}
E   assert False is True
E    +  where False = &lt;built-in method get of dict object at 0xfa85e84f0f40&gt;('hasPassword')
E    +    where &lt;built-in method get of dict object at 0xfa85e84f0f40&gt; = {'host': 'smtp.gmail.com', 'port': 587, 'user': 'test-sender@example.com', 'recipient': 'test-recipient@example.com', ...}.get</failure></testcase><testcase classname="tests.test_new_features" name="test_email_settings_requires_admin" time="0.079" /></testsuite></testsuites>