<?xml version="1.0" encoding="utf-8"?><testsuites name="pytest tests"><testsuite name="pytest" errors="0" failures="0" skipped="0" tests="5" time="12.691" timestamp="2026-09-17T11:32:51.819719+00:00" hostname="agent-env-01f32d7f-9298-495b-957d-8088b7a4d675"><testcase classname="tests.test_offerings" name="test_offerings_seed_and_idempotent" time="0.356" /><testcase classname="tests.test_offerings" name="test_post_offering_requires_admin" time="0.089" /><testcase classname="tests.test_offerings" name="test_delete_offering_requires_admin" time="0.087" /><testcase classname="tests.test_offerings" name="test_offerings_crud_admin" time="0.547" /><testcase classname="tests.test_offerings" name="test_regression_smoke" time="11.225" /></testsuite></testsuites>