<?xml version="1.0" encoding="utf-8"?><testsuites name="pytest tests"><testsuite name="pytest" errors="0" failures="0" skipped="0" tests="11" time="11.321" timestamp="2026-09-17T10:53:59.083355+00:00" hostname="agent-env-01f32d7f-9298-495b-957d-8088b7a4d675"><testcase classname="tests.backend_test" name="test_health" time="0.385" /><testcase classname="tests.backend_test" name="test_services_list" time="0.074" /><testcase classname="tests.backend_test" name="test_admin_login_wrong_password" time="0.075" /><testcase classname="tests.backend_test" name="test_admin_login_correct" time="0.075" /><testcase classname="tests.backend_test" name="test_create_lead_and_admin_fetch" time="0.233" /><testcase classname="tests.backend_test" name="test_admin_leads_requires_key" time="0.120" /><testcase classname="tests.backend_test" name="test_chat_new_session_and_followup" time="9.422" /><testcase classname="tests.backend_test" name="test_admin_chat_sessions" time="0.127" /><testcase classname="tests.backend_test" name="test_sitemap" time="0.119" /><testcase classname="tests.backend_test" name="test_robots" time="0.074" /><testcase classname="tests.backend_test" name="test_unknown_route_404" time="0.201" /></testsuite></testsuites>